<?xml version="1.0" encoding="UTF-8"?>
<!-- Generated by org.testng.reporters.JUnitReportReporter -->
<testsuite hostname="Yasins-MBP" failures="0" tests="2" name="com.schoology.tests.login.LoginTest" time="6.907" errors="0" timestamp="06 Aug 2019 04:16:38 GMT" skipped="0">
  <testcase classname="com.schoology.tests.login.LoginTest" name="loginNegativeTest" time="2.208"/>
  <testcase classname="com.schoology.tests.login.LoginTest" name="loginTest" time="4.699"/>
</testsuite> <!-- com.schoology.tests.login.LoginTest -->
