<?xml version="1.0" encoding="UTF-8"?>
<!-- Generated by org.testng.reporters.JUnitReportReporter -->
<testsuite hostname="Yasins-MBP" failures="0" tests="1" name="com.schoology.tests.home.HomeTest" time="4.492" errors="0" timestamp="06 Aug 2019 04:15:25 GMT" skipped="0">
  <testcase classname="com.schoology.tests.home.HomeTest" name="logOnPage" time="4.492"/>
</testsuite> <!-- com.schoology.tests.home.HomeTest -->
