<?xml version="1.0" encoding="UTF-8"?>
<!-- Generated by org.testng.reporters.JUnitReportReporter -->
<testsuite hostname="Yasins-MBP" failures="0" tests="1" name="com.schoology.tests.home.EventTest" time="18.650" errors="0" timestamp="06 Aug 2019 04:15:25 GMT" skipped="0">
  <testcase classname="com.schoology.tests.home.EventTest" name="eventTest" time="18.650"/>
</testsuite> <!-- com.schoology.tests.home.EventTest -->
